2016/09/30 22:09:43 INFO  - jmeter.util.JMeterUtils: Setting Locale to en_US 
2016/09/30 22:09:43 INFO  - jmeter.JMeter: Loading user properties from: /usr/local/Cellar/jmeter/2.13/libexec/bin/user.properties 
2016/09/30 22:09:43 INFO  - jmeter.JMeter: Loading system properties from: /usr/local/Cellar/jmeter/2.13/libexec/bin/system.properties 
2016/09/30 22:09:43 INFO  - jmeter.JMeter: Copyright (c) 1998-2015 The Apache Software Foundation 
2016/09/30 22:09:43 INFO  - jmeter.JMeter: Version 2.13 r1665067 
2016/09/30 22:09:43 INFO  - jmeter.JMeter: java.version=1.7.0_21 
2016/09/30 22:09:43 INFO  - jmeter.JMeter: java.vm.name=Java HotSpot(TM) 64-Bit Server VM 
2016/09/30 22:09:43 INFO  - jmeter.JMeter: os.name=Mac OS X 
2016/09/30 22:09:43 INFO  - jmeter.JMeter: os.arch=x86_64 
2016/09/30 22:09:43 INFO  - jmeter.JMeter: os.version=10.11.6 
2016/09/30 22:09:43 INFO  - jmeter.JMeter: file.encoding=UTF-8 
2016/09/30 22:09:43 INFO  - jmeter.JMeter: Default Locale=English (United States) 
2016/09/30 22:09:43 INFO  - jmeter.JMeter: JMeter  Locale=English (United States) 
2016/09/30 22:09:43 INFO  - jmeter.JMeter: JMeterHome=/usr/local/Cellar/jmeter/2.13/libexec 
2016/09/30 22:09:43 INFO  - jmeter.JMeter: user.dir  =/Users/ahmha02/apps/docker/mathapp-docker-v2/mathapp 
2016/09/30 22:09:43 INFO  - jmeter.JMeter: PWD       =/Users/ahmha02/apps/docker/mathapp-docker-v2/mathapp 
2016/09/30 22:09:43 INFO  - jmeter.JMeter: IP: 127.0.0.1 Name: ahmha02mac1317 FullName: localhost 
2016/09/30 22:09:43 INFO  - jmeter.services.FileServer: Default base='/Users/ahmha02/apps/docker/mathapp-docker-v2/mathapp' 
2016/09/30 22:09:43 INFO  - jmeter.services.FileServer: Set new base='/Users/ahmha02/apps/docker/mathapp-docker-v2/mathapp/scripts' 
2016/09/30 22:09:44 INFO  - jmeter.save.SaveService: Testplan (JMX) version: 2.2. Testlog (JTL) version: 2.2 
2016/09/30 22:09:44 INFO  - jmeter.save.SaveService: Using SaveService properties file encoding UTF-8 
2016/09/30 22:09:44 INFO  - jmeter.save.SaveService: Using SaveService properties file version 1656252 
2016/09/30 22:09:44 INFO  - jmeter.save.SaveService: Using SaveService properties version 2.8 
2016/09/30 22:09:44 INFO  - jmeter.save.SaveService: All converter versions present and correct 
2016/09/30 22:09:44 INFO  - jmeter.save.SaveService: Loading file: scripts/mathapp-baseline.jmx 
2016/09/30 22:09:44 INFO  - jmeter.protocol.http.control.CookieManager: Settings: Delete null: true Check: true Allow variable: true Save: false Prefix: COOKIE_ 
2016/09/30 22:09:44 INFO  - jmeter.protocol.http.sampler.HTTPSamplerBase: Cannot find .className property for htmlParser, using default 
2016/09/30 22:09:44 INFO  - jmeter.protocol.http.sampler.HTTPSamplerBase: Parser for text/html is  
2016/09/30 22:09:44 INFO  - jmeter.protocol.http.sampler.HTTPSamplerBase: Parser for application/xhtml+xml is  
2016/09/30 22:09:44 INFO  - jmeter.protocol.http.sampler.HTTPSamplerBase: Parser for application/xml is  
2016/09/30 22:09:44 INFO  - jmeter.protocol.http.sampler.HTTPSamplerBase: Parser for text/xml is  
2016/09/30 22:09:44 INFO  - jmeter.protocol.http.sampler.HTTPSamplerBase: Parser for text/vnd.wap.wml is org.apache.jmeter.protocol.http.parser.RegexpHTMLParser 
2016/09/30 22:09:44 INFO  - jmeter.JMeter: Creating summariser <summary> 
2016/09/30 22:09:44 INFO  - jmeter.engine.StandardJMeterEngine: Listeners will be started after enabling running version 
2016/09/30 22:09:44 INFO  - jmeter.engine.StandardJMeterEngine: To revert to the earlier behaviour, define jmeterengine.startlistenerslater=false 
2016/09/30 22:09:44 INFO  - jmeter.engine.StandardJMeterEngine: Running the test! 
2016/09/30 22:09:44 INFO  - jmeter.samplers.SampleEvent: List of sample_variables: [] 
2016/09/30 22:09:44 INFO  - jmeter.samplers.SampleEvent: List of sample_variables: [] 
2016/09/30 22:09:44 INFO  - jmeter.engine.util.CompoundVariable: Note: Function class names must contain the string: '.functions.' 
2016/09/30 22:09:44 INFO  - jmeter.engine.util.CompoundVariable: Note: Function class names must not contain the string: '.gui.' 
2016/09/30 22:09:44 INFO  - jmeter.JMeter: Running test (1475287784372) 
2016/09/30 22:09:44 INFO  - jmeter.engine.StandardJMeterEngine: Starting ThreadGroup: 1 : Complex Thread Group 
2016/09/30 22:09:44 INFO  - jmeter.engine.StandardJMeterEngine: Starting 2 threads for group Complex Thread Group. 
2016/09/30 22:09:44 INFO  - jmeter.engine.StandardJMeterEngine: Thread will continue on error 
2016/09/30 22:09:44 INFO  - jmeter.threads.ThreadGroup: Starting thread group number 1 threads 2 ramp-up 10 perThread 5000.0 delayedStart=false 
2016/09/30 22:09:44 INFO  - jmeter.threads.JMeterThread: jmeterthread.startearlier=true (see jmeter.properties) 
2016/09/30 22:09:44 INFO  - jmeter.threads.JMeterThread: Running PostProcessors in forward order 
2016/09/30 22:09:44 INFO  - jmeter.threads.ThreadGroup: Started thread group number 1 
2016/09/30 22:09:44 INFO  - jmeter.engine.StandardJMeterEngine: Starting ThreadGroup: 2 : Simple Thread Group 
2016/09/30 22:09:44 INFO  - jmeter.engine.StandardJMeterEngine: Starting 2 threads for group Simple Thread Group. 
2016/09/30 22:09:44 INFO  - jmeter.engine.StandardJMeterEngine: Thread will continue on error 
2016/09/30 22:09:44 INFO  - jmeter.threads.ThreadGroup: Starting thread group number 2 threads 2 ramp-up 10 perThread 5000.0 delayedStart=false 
2016/09/30 22:09:44 INFO  - jmeter.threads.JMeterThread: Thread started: Complex Thread Group 1-1 
2016/09/30 22:09:44 INFO  - jmeter.threads.JMeterThread: Thread started: Simple Thread Group 2-1 
2016/09/30 22:09:44 INFO  - jmeter.threads.ThreadGroup: Started thread group number 2 
2016/09/30 22:09:44 INFO  - jmeter.engine.StandardJMeterEngine: All thread groups have been started 
2016/09/30 22:09:44 INFO  - jmeter.protocol.http.sampler.HTTPJavaImpl: Maximum connection retries = 10 
2016/09/30 22:09:44 INFO  - jmeter.samplers.SampleResult: Note: Sample TimeStamps are START times 
2016/09/30 22:09:44 INFO  - jmeter.samplers.SampleResult: sampleresult.default.encoding is set to ISO-8859-1 
2016/09/30 22:09:44 INFO  - jmeter.samplers.SampleResult: sampleresult.useNanoTime=true 
2016/09/30 22:09:44 INFO  - jmeter.samplers.SampleResult: sampleresult.nanoThreadSleep=5000 
2016/09/30 22:09:49 INFO  - jmeter.threads.JMeterThread: Thread started: Complex Thread Group 1-2 
2016/09/30 22:09:49 INFO  - jmeter.threads.JMeterThread: Thread started: Simple Thread Group 2-2 
2016/09/30 22:10:00 INFO  - jmeter.reporters.Summariser: summary +   1873 in    16s =  117.9/s Avg:     7 Min:     0 Max:  1137 Err:  1873 (100.00%) Active: 4 Started: 4 Finished: 0 
2016/09/30 22:10:30 INFO  - jmeter.reporters.Summariser: summary +   3747 in  30.4s =  123.4/s Avg:    12 Min:     0 Max:  1138 Err:  3747 (100.00%) Active: 4 Started: 4 Finished: 0 
2016/09/30 22:10:30 INFO  - jmeter.reporters.Summariser: summary =   5620 in  46.3s =  121.5/s Avg:    10 Min:     0 Max:  1138 Err:  5620 (100.00%) 
2016/09/30 22:11:00 INFO  - jmeter.reporters.Summariser: summary +   3743 in    30s =  124.8/s Avg:    12 Min:     0 Max:  1143 Err:  3743 (100.00%) Active: 4 Started: 4 Finished: 0 
2016/09/30 22:11:00 INFO  - jmeter.reporters.Summariser: summary =   9363 in  76.2s =  122.8/s Avg:    11 Min:     0 Max:  1143 Err:  9363 (100.00%) 
2016/09/30 22:11:30 INFO  - jmeter.reporters.Summariser: summary +   3747 in    30s =  125.0/s Avg:    12 Min:     0 Max:  1116 Err:  3747 (100.00%) Active: 4 Started: 4 Finished: 0 
2016/09/30 22:11:30 INFO  - jmeter.reporters.Summariser: summary =  13110 in   106s =  123.4/s Avg:    11 Min:     0 Max:  1143 Err: 13110 (100.00%) 
2016/09/30 22:12:00 INFO  - jmeter.reporters.Summariser: summary +   3747 in    30s =  125.0/s Avg:    12 Min:     0 Max:  1161 Err:  3747 (100.00%) Active: 4 Started: 4 Finished: 0 
2016/09/30 22:12:00 INFO  - jmeter.reporters.Summariser: summary =  16857 in   136s =  123.8/s Avg:    12 Min:     0 Max:  1161 Err: 16857 (100.00%) 
2016/09/30 22:12:30 INFO  - jmeter.reporters.Summariser: summary +   3747 in    30s =  126.1/s Avg:    12 Min:     0 Max:  1122 Err:  3747 (100.00%) Active: 4 Started: 4 Finished: 0 
2016/09/30 22:12:30 INFO  - jmeter.reporters.Summariser: summary =  20604 in   166s =  124.2/s Avg:    12 Min:     0 Max:  1161 Err: 20604 (100.00%) 
2016/09/30 22:13:00 INFO  - jmeter.reporters.Summariser: summary +   3747 in    30s =  124.8/s Avg:    12 Min:     0 Max:  1126 Err:  3747 (100.00%) Active: 4 Started: 4 Finished: 0 
2016/09/30 22:13:00 INFO  - jmeter.reporters.Summariser: summary =  24351 in   196s =  124.3/s Avg:    12 Min:     0 Max:  1161 Err: 24351 (100.00%) 
2016/09/30 22:13:30 INFO  - jmeter.reporters.Summariser: summary +   3745 in  30.3s =  123.6/s Avg:    12 Min:     0 Max:  1117 Err:  3745 (100.00%) Active: 4 Started: 4 Finished: 0 
2016/09/30 22:13:30 INFO  - jmeter.reporters.Summariser: summary =  28096 in   226s =  124.2/s Avg:    12 Min:     0 Max:  1161 Err: 28096 (100.00%) 
2016/09/30 22:14:00 INFO  - jmeter.reporters.Summariser: summary +   3747 in    30s =  125.0/s Avg:    12 Min:     0 Max:  1123 Err:  3747 (100.00%) Active: 4 Started: 4 Finished: 0 
2016/09/30 22:14:00 INFO  - jmeter.reporters.Summariser: summary =  31843 in   256s =  124.3/s Avg:    12 Min:     0 Max:  1161 Err: 31843 (100.00%) 
2016/09/30 22:14:30 INFO  - jmeter.reporters.Summariser: summary +   3746 in    30s =  126.3/s Avg:    12 Min:     0 Max:  1128 Err:  3746 (100.00%) Active: 4 Started: 4 Finished: 0 
2016/09/30 22:14:30 INFO  - jmeter.reporters.Summariser: summary =  35589 in   286s =  124.5/s Avg:    12 Min:     0 Max:  1161 Err: 35589 (100.00%) 
2016/09/30 22:15:00 INFO  - jmeter.reporters.Summariser: summary +   3745 in    30s =  124.9/s Avg:    12 Min:     0 Max:  1138 Err:  3745 (100.00%) Active: 4 Started: 4 Finished: 0 
2016/09/30 22:15:00 INFO  - jmeter.reporters.Summariser: summary =  39334 in   316s =  124.5/s Avg:    12 Min:     0 Max:  1161 Err: 39334 (100.00%) 
2016/09/30 22:15:30 INFO  - jmeter.reporters.Summariser: summary +   3747 in    30s =  124.9/s Avg:    12 Min:     0 Max:  1133 Err:  3747 (100.00%) Active: 4 Started: 4 Finished: 0 
2016/09/30 22:15:30 INFO  - jmeter.reporters.Summariser: summary =  43081 in   346s =  124.6/s Avg:    12 Min:     0 Max:  1161 Err: 43081 (100.00%) 
2016/09/30 22:16:00 INFO  - jmeter.reporters.Summariser: summary +   3747 in    30s =  124.9/s Avg:    12 Min:     0 Max:  1138 Err:  3747 (100.00%) Active: 4 Started: 4 Finished: 0 
2016/09/30 22:16:00 INFO  - jmeter.reporters.Summariser: summary =  46828 in   376s =  124.6/s Avg:    12 Min:     0 Max:  1161 Err: 46828 (100.00%) 
